                                 Started job on |	Apr 04 15:03:48
                             Started mapping on |	Apr 04 15:04:56
                                    Finished on |	Apr 04 15:05:17
       Mapping speed, Million of reads per hour |	90.00

                          Number of input reads |	525023
                      Average input read length |	277
                                    UNIQUE READS:
                   Uniquely mapped reads number |	290384
                        Uniquely mapped reads % |	55.31%
                          Average mapped length |	263.30
                       Number of splices: Total |	31708
            Number of splices: Annotated (sjdb) |	29548
                       Number of splices: GT/AG |	25131
                       Number of splices: GC/AG |	2630
                       Number of splices: AT/AC |	353
               Number of splices: Non-canonical |	3594
                      Mismatch rate per base, % |	0.29%
                         Deletion rate per base |	0.11%
                        Deletion average length |	1.17
                        Insertion rate per base |	0.16%
                       Insertion average length |	1.23
                             MULTI-MAPPING READS:
        Number of reads mapped to multiple loci |	34638
             % of reads mapped to multiple loci |	6.60%
        Number of reads mapped to too many loci |	0
             % of reads mapped to too many loci |	0.00%
                                  UNMAPPED READS:
       % of reads unmapped: too many mismatches |	0.00%
                 % of reads unmapped: too short |	38.09%
                     % of reads unmapped: other |	0.00%
                                  CHIMERIC READS:
                       Number of chimeric reads |	0
                            % of chimeric reads |	0.00%
