                                 Started job on |	Apr 04 15:05:19
                             Started mapping on |	Apr 04 15:05:54
                                    Finished on |	Apr 04 15:06:14
       Mapping speed, Million of reads per hour |	58.37

                          Number of input reads |	324289
                      Average input read length |	278
                                    UNIQUE READS:
                   Uniquely mapped reads number |	177761
                        Uniquely mapped reads % |	54.82%
                          Average mapped length |	264.08
                       Number of splices: Total |	13482
            Number of splices: Annotated (sjdb) |	13117
                       Number of splices: GT/AG |	11605
                       Number of splices: GC/AG |	478
                       Number of splices: AT/AC |	97
               Number of splices: Non-canonical |	1302
                      Mismatch rate per base, % |	0.24%
                         Deletion rate per base |	0.10%
                        Deletion average length |	1.15
                        Insertion rate per base |	0.15%
                       Insertion average length |	1.23
                             MULTI-MAPPING READS:
        Number of reads mapped to multiple loci |	28308
             % of reads mapped to multiple loci |	8.73%
        Number of reads mapped to too many loci |	0
             % of reads mapped to too many loci |	0.00%
                                  UNMAPPED READS:
       % of reads unmapped: too many mismatches |	0.00%
                 % of reads unmapped: too short |	36.45%
                     % of reads unmapped: other |	0.00%
                                  CHIMERIC READS:
                       Number of chimeric reads |	0
                            % of chimeric reads |	0.00%
