                                 Started job on |	Mar 28 12:40:41
                             Started mapping on |	Mar 28 12:40:47
                                    Finished on |	Mar 28 12:41:22
       Mapping speed, Million of reads per hour |	918.60

                          Number of input reads |	8930860
                      Average input read length |	34
                                    UNIQUE READS:
                   Uniquely mapped reads number |	6024549
                        Uniquely mapped reads % |	67.46%
                          Average mapped length |	33.49
                       Number of splices: Total |	333746
            Number of splices: Annotated (sjdb) |	304294
                       Number of splices: GT/AG |	326873
                       Number of splices: GC/AG |	3620
                       Number of splices: AT/AC |	325
               Number of splices: Non-canonical |	2928
                      Mismatch rate per base, % |	0.44%
                         Deletion rate per base |	0.00%
                        Deletion average length |	1.33
                        Insertion rate per base |	0.00%
                       Insertion average length |	1.21
                             MULTI-MAPPING READS:
        Number of reads mapped to multiple loci |	0
             % of reads mapped to multiple loci |	0.00%
        Number of reads mapped to too many loci |	1798177
             % of reads mapped to too many loci |	20.13%
                                  UNMAPPED READS:
       % of reads unmapped: too many mismatches |	0.00%
                 % of reads unmapped: too short |	9.30%
                     % of reads unmapped: other |	3.11%
                                  CHIMERIC READS:
                       Number of chimeric reads |	0
                            % of chimeric reads |	0.00%
