                                 Started job on |	Apr 04 15:55:56
                             Started mapping on |	Apr 04 15:59:00
                                    Finished on |	Apr 04 16:04:01
       Mapping speed, Million of reads per hour |	245.37

                          Number of input reads |	20515641
                      Average input read length |	65
                                    UNIQUE READS:
                   Uniquely mapped reads number |	7653438
                        Uniquely mapped reads % |	37.31%
                          Average mapped length |	63.77
                       Number of splices: Total |	475734
            Number of splices: Annotated (sjdb) |	469864
                       Number of splices: GT/AG |	439938
                       Number of splices: GC/AG |	30184
                       Number of splices: AT/AC |	2018
               Number of splices: Non-canonical |	3594
                      Mismatch rate per base, % |	2.00%
                         Deletion rate per base |	0.07%
                        Deletion average length |	1.57
                        Insertion rate per base |	0.03%
                       Insertion average length |	1.44
                             MULTI-MAPPING READS:
        Number of reads mapped to multiple loci |	10230745
             % of reads mapped to multiple loci |	49.87%
        Number of reads mapped to too many loci |	0
             % of reads mapped to too many loci |	0.00%
                                  UNMAPPED READS:
       % of reads unmapped: too many mismatches |	0.00%
                 % of reads unmapped: too short |	12.82%
                     % of reads unmapped: other |	0.00%
                                  CHIMERIC READS:
                       Number of chimeric reads |	0
                            % of chimeric reads |	0.00%
