                                 Started job on |	Apr 04 16:04:04
                             Started mapping on |	Apr 04 16:07:35
                                    Finished on |	Apr 04 16:12:52
       Mapping speed, Million of reads per hour |	234.50

                          Number of input reads |	20648830
                      Average input read length |	70
                                    UNIQUE READS:
                   Uniquely mapped reads number |	8570642
                        Uniquely mapped reads % |	41.51%
                          Average mapped length |	67.29
                       Number of splices: Total |	1108964
            Number of splices: Annotated (sjdb) |	1103540
                       Number of splices: GT/AG |	1050450
                       Number of splices: GC/AG |	53791
                       Number of splices: AT/AC |	363
               Number of splices: Non-canonical |	4360
                      Mismatch rate per base, % |	1.95%
                         Deletion rate per base |	0.07%
                        Deletion average length |	1.62
                        Insertion rate per base |	0.03%
                       Insertion average length |	1.43
                             MULTI-MAPPING READS:
        Number of reads mapped to multiple loci |	9808782
             % of reads mapped to multiple loci |	47.50%
        Number of reads mapped to too many loci |	0
             % of reads mapped to too many loci |	0.00%
                                  UNMAPPED READS:
       % of reads unmapped: too many mismatches |	0.00%
                 % of reads unmapped: too short |	10.99%
                     % of reads unmapped: other |	0.00%
                                  CHIMERIC READS:
                       Number of chimeric reads |	0
                            % of chimeric reads |	0.00%
