                                 Started job on |	Apr 04 16:23:00
                             Started mapping on |	Apr 04 16:25:26
                                    Finished on |	Apr 04 16:29:08
       Mapping speed, Million of reads per hour |	247.72

                          Number of input reads |	15276144
                      Average input read length |	70
                                    UNIQUE READS:
                   Uniquely mapped reads number |	4996917
                        Uniquely mapped reads % |	32.71%
                          Average mapped length |	69.39
                       Number of splices: Total |	220667
            Number of splices: Annotated (sjdb) |	217647
                       Number of splices: GT/AG |	214679
                       Number of splices: GC/AG |	4419
                       Number of splices: AT/AC |	140
               Number of splices: Non-canonical |	1429
                      Mismatch rate per base, % |	1.37%
                         Deletion rate per base |	0.05%
                        Deletion average length |	2.22
                        Insertion rate per base |	0.03%
                       Insertion average length |	1.79
                             MULTI-MAPPING READS:
        Number of reads mapped to multiple loci |	9310352
             % of reads mapped to multiple loci |	60.95%
        Number of reads mapped to too many loci |	0
             % of reads mapped to too many loci |	0.00%
                                  UNMAPPED READS:
       % of reads unmapped: too many mismatches |	0.00%
                 % of reads unmapped: too short |	6.34%
                     % of reads unmapped: other |	0.00%
                                  CHIMERIC READS:
                       Number of chimeric reads |	0
                            % of chimeric reads |	0.00%
