                                 Started job on |	Apr 04 16:12:55
                             Started mapping on |	Apr 04 16:15:28
                                    Finished on |	Apr 04 16:17:49
       Mapping speed, Million of reads per hour |	306.01

                          Number of input reads |	11985235
                      Average input read length |	70
                                    UNIQUE READS:
                   Uniquely mapped reads number |	4667133
                        Uniquely mapped reads % |	38.94%
                          Average mapped length |	68.87
                       Number of splices: Total |	239287
            Number of splices: Annotated (sjdb) |	236048
                       Number of splices: GT/AG |	223150
                       Number of splices: GC/AG |	14156
                       Number of splices: AT/AC |	77
               Number of splices: Non-canonical |	1904
                      Mismatch rate per base, % |	1.92%
                         Deletion rate per base |	0.08%
                        Deletion average length |	1.60
                        Insertion rate per base |	0.04%
                       Insertion average length |	1.42
                             MULTI-MAPPING READS:
        Number of reads mapped to multiple loci |	6268505
             % of reads mapped to multiple loci |	52.30%
        Number of reads mapped to too many loci |	0
             % of reads mapped to too many loci |	0.00%
                                  UNMAPPED READS:
       % of reads unmapped: too many mismatches |	0.00%
                 % of reads unmapped: too short |	8.76%
                     % of reads unmapped: other |	0.00%
                                  CHIMERIC READS:
                       Number of chimeric reads |	0
                            % of chimeric reads |	0.00%
