                                 Started job on |	Apr 03 14:29:40
                             Started mapping on |	Apr 03 14:30:23
                                    Finished on |	Apr 03 14:35:10
       Mapping speed, Million of reads per hour |	385.07

                          Number of input reads |	30698997
                      Average input read length |	100
                                    UNIQUE READS:
                   Uniquely mapped reads number |	27453451
                        Uniquely mapped reads % |	89.43%
                          Average mapped length |	99.50
                       Number of splices: Total |	7490683
            Number of splices: Annotated (sjdb) |	6798024
                       Number of splices: GT/AG |	7419017
                       Number of splices: GC/AG |	51235
                       Number of splices: AT/AC |	2353
               Number of splices: Non-canonical |	18078
                      Mismatch rate per base, % |	0.27%
                         Deletion rate per base |	0.01%
                        Deletion average length |	1.34
                        Insertion rate per base |	0.01%
                       Insertion average length |	1.06
                             MULTI-MAPPING READS:
        Number of reads mapped to multiple loci |	1336030
             % of reads mapped to multiple loci |	4.35%
        Number of reads mapped to too many loci |	0
             % of reads mapped to too many loci |	0.00%
                                  UNMAPPED READS:
       % of reads unmapped: too many mismatches |	0.00%
                 % of reads unmapped: too short |	6.22%
                     % of reads unmapped: other |	0.00%
                                  CHIMERIC READS:
                       Number of chimeric reads |	0
                            % of chimeric reads |	0.00%
