                                 Started job on |	Apr 03 15:48:20
                             Started mapping on |	Apr 03 15:48:30
                                    Finished on |	Apr 03 16:17:41
       Mapping speed, Million of reads per hour |	193.79

                          Number of input reads |	94258951
                      Average input read length |	100
                                    UNIQUE READS:
                   Uniquely mapped reads number |	57703809
                        Uniquely mapped reads % |	61.22%
                          Average mapped length |	99.44
                       Number of splices: Total |	10893190
            Number of splices: Annotated (sjdb) |	10034927
                       Number of splices: GT/AG |	10767462
                       Number of splices: GC/AG |	95459
                       Number of splices: AT/AC |	5515
               Number of splices: Non-canonical |	24754
                      Mismatch rate per base, % |	0.32%
                         Deletion rate per base |	0.01%
                        Deletion average length |	1.42
                        Insertion rate per base |	0.01%
                       Insertion average length |	1.08
                             MULTI-MAPPING READS:
        Number of reads mapped to multiple loci |	17619698
             % of reads mapped to multiple loci |	18.69%
        Number of reads mapped to too many loci |	0
             % of reads mapped to too many loci |	0.00%
                                  UNMAPPED READS:
       % of reads unmapped: too many mismatches |	0.00%
                 % of reads unmapped: too short |	20.08%
                     % of reads unmapped: other |	0.01%
                                  CHIMERIC READS:
                       Number of chimeric reads |	0
                            % of chimeric reads |	0.00%
