                                 Started job on |	Apr 03 15:19:21
                             Started mapping on |	Apr 03 15:19:25
                                    Finished on |	Apr 03 15:23:16
       Mapping speed, Million of reads per hour |	610.38

                          Number of input reads |	39166210
                      Average input read length |	100
                                    UNIQUE READS:
                   Uniquely mapped reads number |	35789107
                        Uniquely mapped reads % |	91.38%
                          Average mapped length |	99.55
                       Number of splices: Total |	9129176
            Number of splices: Annotated (sjdb) |	8345479
                       Number of splices: GT/AG |	9031842
                       Number of splices: GC/AG |	72493
                       Number of splices: AT/AC |	3825
               Number of splices: Non-canonical |	21016
                      Mismatch rate per base, % |	0.26%
                         Deletion rate per base |	0.01%
                        Deletion average length |	1.32
                        Insertion rate per base |	0.01%
                       Insertion average length |	1.06
                             MULTI-MAPPING READS:
        Number of reads mapped to multiple loci |	1659105
             % of reads mapped to multiple loci |	4.24%
        Number of reads mapped to too many loci |	0
             % of reads mapped to too many loci |	0.00%
                                  UNMAPPED READS:
       % of reads unmapped: too many mismatches |	0.00%
                 % of reads unmapped: too short |	4.38%
                     % of reads unmapped: other |	0.00%
                                  CHIMERIC READS:
                       Number of chimeric reads |	0
                            % of chimeric reads |	0.00%
