                                 Started job on |	Apr 03 15:42:19
                             Started mapping on |	Apr 03 15:42:45
                                    Finished on |	Apr 03 15:48:14
       Mapping speed, Million of reads per hour |	328.24

                          Number of input reads |	29997370
                      Average input read length |	100
                                    UNIQUE READS:
                   Uniquely mapped reads number |	18478064
                        Uniquely mapped reads % |	61.60%
                          Average mapped length |	99.13
                       Number of splices: Total |	3419631
            Number of splices: Annotated (sjdb) |	3171752
                       Number of splices: GT/AG |	3380431
                       Number of splices: GC/AG |	29223
                       Number of splices: AT/AC |	1716
               Number of splices: Non-canonical |	8261
                      Mismatch rate per base, % |	0.66%
                         Deletion rate per base |	0.01%
                        Deletion average length |	1.41
                        Insertion rate per base |	0.01%
                       Insertion average length |	1.09
                             MULTI-MAPPING READS:
        Number of reads mapped to multiple loci |	4724759
             % of reads mapped to multiple loci |	15.75%
        Number of reads mapped to too many loci |	0
             % of reads mapped to too many loci |	0.00%
                                  UNMAPPED READS:
       % of reads unmapped: too many mismatches |	0.00%
                 % of reads unmapped: too short |	22.64%
                     % of reads unmapped: other |	0.01%
                                  CHIMERIC READS:
                       Number of chimeric reads |	0
                            % of chimeric reads |	0.00%
