                                 Started job on |	Apr 03 15:23:25
                             Started mapping on |	Apr 03 15:23:30
                                    Finished on |	Apr 03 15:42:09
       Mapping speed, Million of reads per hour |	216.10

                          Number of input reads |	67170772
                      Average input read length |	100
                                    UNIQUE READS:
                   Uniquely mapped reads number |	41946566
                        Uniquely mapped reads % |	62.45%
                          Average mapped length |	99.33
                       Number of splices: Total |	7989671
            Number of splices: Annotated (sjdb) |	7383784
                       Number of splices: GT/AG |	7897560
                       Number of splices: GC/AG |	68638
                       Number of splices: AT/AC |	4033
               Number of splices: Non-canonical |	19440
                      Mismatch rate per base, % |	0.36%
                         Deletion rate per base |	0.01%
                        Deletion average length |	1.40
                        Insertion rate per base |	0.01%
                       Insertion average length |	1.08
                             MULTI-MAPPING READS:
        Number of reads mapped to multiple loci |	11347189
             % of reads mapped to multiple loci |	16.89%
        Number of reads mapped to too many loci |	0
             % of reads mapped to too many loci |	0.00%
                                  UNMAPPED READS:
       % of reads unmapped: too many mismatches |	0.00%
                 % of reads unmapped: too short |	20.65%
                     % of reads unmapped: other |	0.01%
                                  CHIMERIC READS:
                       Number of chimeric reads |	0
                            % of chimeric reads |	0.00%
