                                 Started job on |	Apr 03 15:07:43
                             Started mapping on |	Apr 03 15:07:46
                                    Finished on |	Apr 03 15:11:09
       Mapping speed, Million of reads per hour |	406.65

                          Number of input reads |	22930699
                      Average input read length |	100
                                    UNIQUE READS:
                   Uniquely mapped reads number |	12873237
                        Uniquely mapped reads % |	56.14%
                          Average mapped length |	99.08
                       Number of splices: Total |	2450941
            Number of splices: Annotated (sjdb) |	2248659
                       Number of splices: GT/AG |	2421381
                       Number of splices: GC/AG |	21981
                       Number of splices: AT/AC |	906
               Number of splices: Non-canonical |	6673
                      Mismatch rate per base, % |	0.67%
                         Deletion rate per base |	0.01%
                        Deletion average length |	1.40
                        Insertion rate per base |	0.01%
                       Insertion average length |	1.08
                             MULTI-MAPPING READS:
        Number of reads mapped to multiple loci |	3546996
             % of reads mapped to multiple loci |	15.47%
        Number of reads mapped to too many loci |	0
             % of reads mapped to too many loci |	0.00%
                                  UNMAPPED READS:
       % of reads unmapped: too many mismatches |	0.00%
                 % of reads unmapped: too short |	28.38%
                     % of reads unmapped: other |	0.01%
                                  CHIMERIC READS:
                       Number of chimeric reads |	0
                            % of chimeric reads |	0.00%
