                                 Started job on |	Apr 03 14:35:21
                             Started mapping on |	Apr 03 14:35:25
                                    Finished on |	Apr 03 14:39:47
       Mapping speed, Million of reads per hour |	437.41

                          Number of input reads |	31833604
                      Average input read length |	100
                                    UNIQUE READS:
                   Uniquely mapped reads number |	28483391
                        Uniquely mapped reads % |	89.48%
                          Average mapped length |	99.50
                       Number of splices: Total |	7706228
            Number of splices: Annotated (sjdb) |	6997627
                       Number of splices: GT/AG |	7630058
                       Number of splices: GC/AG |	54163
                       Number of splices: AT/AC |	2443
               Number of splices: Non-canonical |	19564
                      Mismatch rate per base, % |	0.28%
                         Deletion rate per base |	0.01%
                        Deletion average length |	1.33
                        Insertion rate per base |	0.01%
                       Insertion average length |	1.06
                             MULTI-MAPPING READS:
        Number of reads mapped to multiple loci |	1368189
             % of reads mapped to multiple loci |	4.30%
        Number of reads mapped to too many loci |	0
             % of reads mapped to too many loci |	0.00%
                                  UNMAPPED READS:
       % of reads unmapped: too many mismatches |	0.00%
                 % of reads unmapped: too short |	6.22%
                     % of reads unmapped: other |	0.00%
                                  CHIMERIC READS:
                       Number of chimeric reads |	0
                            % of chimeric reads |	0.00%
