                                 Started job on |	Apr 03 15:11:14
                             Started mapping on |	Apr 03 15:11:17
                                    Finished on |	Apr 03 15:15:31
       Mapping speed, Million of reads per hour |	570.27

                          Number of input reads |	40235713
                      Average input read length |	100
                                    UNIQUE READS:
                   Uniquely mapped reads number |	35504489
                        Uniquely mapped reads % |	88.24%
                          Average mapped length |	99.54
                       Number of splices: Total |	9235259
            Number of splices: Annotated (sjdb) |	8438856
                       Number of splices: GT/AG |	9139638
                       Number of splices: GC/AG |	69713
                       Number of splices: AT/AC |	3599
               Number of splices: Non-canonical |	22309
                      Mismatch rate per base, % |	0.26%
                         Deletion rate per base |	0.01%
                        Deletion average length |	1.33
                        Insertion rate per base |	0.01%
                       Insertion average length |	1.06
                             MULTI-MAPPING READS:
        Number of reads mapped to multiple loci |	1878421
             % of reads mapped to multiple loci |	4.67%
        Number of reads mapped to too many loci |	0
             % of reads mapped to too many loci |	0.00%
                                  UNMAPPED READS:
       % of reads unmapped: too many mismatches |	0.00%
                 % of reads unmapped: too short |	7.09%
                     % of reads unmapped: other |	0.01%
                                  CHIMERIC READS:
                       Number of chimeric reads |	0
                            % of chimeric reads |	0.00%
