                                 Started job on |	Apr 03 15:15:35
                             Started mapping on |	Apr 03 15:15:54
                                    Finished on |	Apr 03 15:19:17
       Mapping speed, Million of reads per hour |	564.03

                          Number of input reads |	31804856
                      Average input read length |	100
                                    UNIQUE READS:
                   Uniquely mapped reads number |	28183483
                        Uniquely mapped reads % |	88.61%
                          Average mapped length |	99.57
                       Number of splices: Total |	7061057
            Number of splices: Annotated (sjdb) |	6441864
                       Number of splices: GT/AG |	6985145
                       Number of splices: GC/AG |	56543
                       Number of splices: AT/AC |	2909
               Number of splices: Non-canonical |	16460
                      Mismatch rate per base, % |	0.26%
                         Deletion rate per base |	0.01%
                        Deletion average length |	1.32
                        Insertion rate per base |	0.01%
                       Insertion average length |	1.06
                             MULTI-MAPPING READS:
        Number of reads mapped to multiple loci |	1653094
             % of reads mapped to multiple loci |	5.20%
        Number of reads mapped to too many loci |	0
             % of reads mapped to too many loci |	0.00%
                                  UNMAPPED READS:
       % of reads unmapped: too many mismatches |	0.00%
                 % of reads unmapped: too short |	6.18%
                     % of reads unmapped: other |	0.00%
                                  CHIMERIC READS:
                       Number of chimeric reads |	0
                            % of chimeric reads |	0.00%
