                                 Started job on |	Apr 04 10:21:22
                             Started mapping on |	Apr 04 10:36:30
                                    Finished on |	Apr 04 11:33:38
       Mapping speed, Million of reads per hour |	99.04

                          Number of input reads |	94304059
                      Average input read length |	168
                                    UNIQUE READS:
                   Uniquely mapped reads number |	54706617
                        Uniquely mapped reads % |	58.01%
                          Average mapped length |	163.49
                       Number of splices: Total |	1993012
            Number of splices: Annotated (sjdb) |	1973811
                       Number of splices: GT/AG |	1784612
                       Number of splices: GC/AG |	159252
                       Number of splices: AT/AC |	27219
               Number of splices: Non-canonical |	21929
                      Mismatch rate per base, % |	0.42%
                         Deletion rate per base |	0.03%
                        Deletion average length |	2.68
                        Insertion rate per base |	0.01%
                       Insertion average length |	1.95
                             MULTI-MAPPING READS:
        Number of reads mapped to multiple loci |	6612411
             % of reads mapped to multiple loci |	7.01%
        Number of reads mapped to too many loci |	0
             % of reads mapped to too many loci |	0.00%
                                  UNMAPPED READS:
       % of reads unmapped: too many mismatches |	0.00%
                 % of reads unmapped: too short |	34.76%
                     % of reads unmapped: other |	0.21%
                                  CHIMERIC READS:
                       Number of chimeric reads |	0
                            % of chimeric reads |	0.00%
