                                 Started job on |	Apr 04 09:35:35
                             Started mapping on |	Apr 04 09:44:58
                                    Finished on |	Apr 04 10:21:11
       Mapping speed, Million of reads per hour |	156.68

                          Number of input reads |	94570863
                      Average input read length |	168
                                    UNIQUE READS:
                   Uniquely mapped reads number |	57125782
                        Uniquely mapped reads % |	60.41%
                          Average mapped length |	162.77
                       Number of splices: Total |	1717009
            Number of splices: Annotated (sjdb) |	1692540
                       Number of splices: GT/AG |	1436703
                       Number of splices: GC/AG |	221831
                       Number of splices: AT/AC |	26593
               Number of splices: Non-canonical |	31882
                      Mismatch rate per base, % |	0.38%
                         Deletion rate per base |	0.04%
                        Deletion average length |	2.78
                        Insertion rate per base |	0.00%
                       Insertion average length |	1.57
                             MULTI-MAPPING READS:
        Number of reads mapped to multiple loci |	7911883
             % of reads mapped to multiple loci |	8.37%
        Number of reads mapped to too many loci |	0
             % of reads mapped to too many loci |	0.00%
                                  UNMAPPED READS:
       % of reads unmapped: too many mismatches |	0.00%
                 % of reads unmapped: too short |	30.71%
                     % of reads unmapped: other |	0.52%
                                  CHIMERIC READS:
                       Number of chimeric reads |	0
                            % of chimeric reads |	0.00%
