                                 Started job on |	Mar 28 15:37:58
                             Started mapping on |	Mar 28 15:38:02
                                    Finished on |	Mar 28 15:40:26
       Mapping speed, Million of reads per hour |	658.77

                          Number of input reads |	26350845
                      Average input read length |	36
                                    UNIQUE READS:
                   Uniquely mapped reads number |	20155962
                        Uniquely mapped reads % |	76.49%
                          Average mapped length |	35.52
                       Number of splices: Total |	1522680
            Number of splices: Annotated (sjdb) |	1400056
                       Number of splices: GT/AG |	1499505
                       Number of splices: GC/AG |	14662
                       Number of splices: AT/AC |	1237
               Number of splices: Non-canonical |	7276
                      Mismatch rate per base, % |	0.54%
                         Deletion rate per base |	0.01%
                        Deletion average length |	1.73
                        Insertion rate per base |	0.00%
                       Insertion average length |	1.32
                             MULTI-MAPPING READS:
        Number of reads mapped to multiple loci |	0
             % of reads mapped to multiple loci |	0.00%
        Number of reads mapped to too many loci |	4714633
             % of reads mapped to too many loci |	17.89%
                                  UNMAPPED READS:
       % of reads unmapped: too many mismatches |	0.00%
                 % of reads unmapped: too short |	5.57%
                     % of reads unmapped: other |	0.04%
                                  CHIMERIC READS:
                       Number of chimeric reads |	0
                            % of chimeric reads |	0.00%
