                                 Started job on |	Mar 28 15:40:29
                             Started mapping on |	Mar 28 15:40:42
                                    Finished on |	Mar 28 15:42:02
       Mapping speed, Million of reads per hour |	1131.34

                          Number of input reads |	25140904
                      Average input read length |	36
                                    UNIQUE READS:
                   Uniquely mapped reads number |	21302395
                        Uniquely mapped reads % |	84.73%
                          Average mapped length |	35.56
                       Number of splices: Total |	1486771
            Number of splices: Annotated (sjdb) |	1396643
                       Number of splices: GT/AG |	1462462
                       Number of splices: GC/AG |	15543
                       Number of splices: AT/AC |	1189
               Number of splices: Non-canonical |	7577
                      Mismatch rate per base, % |	0.57%
                         Deletion rate per base |	0.01%
                        Deletion average length |	1.70
                        Insertion rate per base |	0.00%
                       Insertion average length |	1.35
                             MULTI-MAPPING READS:
        Number of reads mapped to multiple loci |	0
             % of reads mapped to multiple loci |	0.00%
        Number of reads mapped to too many loci |	2917153
             % of reads mapped to too many loci |	11.60%
                                  UNMAPPED READS:
       % of reads unmapped: too many mismatches |	0.00%
                 % of reads unmapped: too short |	3.65%
                     % of reads unmapped: other |	0.01%
                                  CHIMERIC READS:
                       Number of chimeric reads |	0
                            % of chimeric reads |	0.00%
